#0 building with "default" instance using docker driver

#1 [internal] load build definition from Dockerfile.base
#1 DONE 0.0s

#1 [internal] load build definition from Dockerfile.base
#1 transferring dockerfile: 4.39kB done
#1 DONE 0.0s

#2 [internal] load metadata for docker.io/nvidia/cuda:12.6.3-cudnn-devel-ubuntu24.04
#2 DONE 0.4s

#3 [internal] load .dockerignore
#3 transferring context: 2B done
#3 DONE 0.0s

#4 [stage-0 1/9] FROM docker.io/nvidia/cuda:12.6.3-cudnn-devel-ubuntu24.04@sha256:50efab398f76258daa91ceebb33b6467e40217c67ea44fb5a2cebc6be7d9cce3
#4 CACHED

#5 [stage-0 2/9] RUN apt-get update && apt-get install -y --no-install-recommends     python3.12 python3.12-dev python3.12-venv python3-pip     git cmake build-essential     portaudio19-dev libportaudio2     ffmpeg libsm6 libxext6     libtbb12     libegl1-mesa libgl1-mesa-dri &&     rm -rf /var/lib/apt/lists/*
#5 0.379 Get:1 https://developer.download.nvidia.com/compute/cuda/repos/ubuntu2404/x86_64  InRelease [1581 B]
#5 0.560 Get:2 https://developer.download.nvidia.com/compute/cuda/repos/ubuntu2404/x86_64  Packages [1333 kB]
#5 0.673 Get:3 http://security.ubuntu.com/ubuntu noble-security InRelease [126 kB]
#5 0.679 Get:4 http://archive.ubuntu.com/ubuntu noble InRelease [256 kB]
#5 1.501 Get:5 http://security.ubuntu.com/ubuntu noble-security/main amd64 Packages [1954 kB]
#5 1.621 Get:6 http://archive.ubuntu.com/ubuntu noble-updates InRelease [126 kB]
#5 1.846 Get:7 http://archive.ubuntu.com/ubuntu noble-backports InRelease [126 kB]
#5 2.062 Get:8 http://archive.ubuntu.com/ubuntu noble/universe amd64 Packages [19.3 MB]
#5 2.518 Get:9 http://security.ubuntu.com/ubuntu noble-security/restricted amd64 Packages [3429 kB]
#5 2.802 Get:10 http://security.ubuntu.com/ubuntu noble-security/universe amd64 Packages [1504 kB]
#5 2.931 Get:11 http://security.ubuntu.com/ubuntu noble-security/multiverse amd64 Packages [34.8 kB]
#5 4.024 Get:12 http://archive.ubuntu.com/ubuntu noble/main amd64 Packages [1808 kB]
#5 4.263 Get:13 http://archive.ubuntu.com/ubuntu noble/restricted amd64 Packages [117 kB]
#5 4.264 Get:14 http://archive.ubuntu.com/ubuntu noble/multiverse amd64 Packages [331 kB]
#5 4.266 Get:15 http://archive.ubuntu.com/ubuntu noble-updates/restricted amd64 Packages [3601 kB]
#5 4.742 Get:16 http://archive.ubuntu.com/ubuntu noble-updates/main amd64 Packages [2334 kB]
#5 4.812 Get:17 http://archive.ubuntu.com/ubuntu noble-updates/multiverse amd64 Packages [38.1 kB]
#5 4.812 Get:18 http://archive.ubuntu.com/ubuntu noble-updates/universe amd64 Packages [2156 kB]
#5 5.072 Get:19 http://archive.ubuntu.com/ubuntu noble-backports/multiverse amd64 Packages [695 B]
#5 5.072 Get:20 http://archive.ubuntu.com/ubuntu noble-backports/main amd64 Packages [49.5 kB]
#5 5.082 Get:21 http://archive.ubuntu.com/ubuntu noble-backports/universe amd64 Packages [36.1 kB]
#5 5.203 Fetched 38.7 MB in 5s (7712 kB/s)
#5 5.203 Reading package lists...
#5 5.951 W: https://developer.download.nvidia.com/compute/cuda/repos/ubuntu2404/x86_64/InRelease: Key is stored in legacy trusted.gpg keyring (/etc/apt/trusted.gpg), see the DEPRECATION section in apt-key(8) for details.
#5 5.957 Reading package lists...
#5 6.831 Building dependency tree...
#5 7.025 Reading state information...
#5 7.047 E: Unable to locate package libegl1-mesa
#5 ERROR: process "/bin/sh -c apt-get update && apt-get install -y --no-install-recommends     python3.12 python3.12-dev python3.12-venv python3-pip     git cmake build-essential     portaudio19-dev libportaudio2     ffmpeg libsm6 libxext6     libtbb12     libegl1-mesa libgl1-mesa-dri &&     rm -rf /var/lib/apt/lists/*" did not complete successfully: exit code: 100
------
 > [stage-0 2/9] RUN apt-get update && apt-get install -y --no-install-recommends     python3.12 python3.12-dev python3.12-venv python3-pip     git cmake build-essential     portaudio19-dev libportaudio2     ffmpeg libsm6 libxext6     libtbb12     libegl1-mesa libgl1-mesa-dri &&     rm -rf /var/lib/apt/lists/*:
4.264 Get:14 http://archive.ubuntu.com/ubuntu noble/multiverse amd64 Packages [331 kB]
4.266 Get:15 http://archive.ubuntu.com/ubuntu noble-updates/restricted amd64 Packages [3601 kB]
4.742 Get:16 http://archive.ubuntu.com/ubuntu noble-updates/main amd64 Packages [2334 kB]
4.812 Get:17 http://archive.ubuntu.com/ubuntu noble-updates/multiverse amd64 Packages [38.1 kB]
4.812 Get:18 http://archive.ubuntu.com/ubuntu noble-updates/universe amd64 Packages [2156 kB]
5.072 Get:19 http://archive.ubuntu.com/ubuntu noble-backports/multiverse amd64 Packages [695 B]



7.047 E: Unable to locate package libegl1-mesa
------
Dockerfile.base:8
--------------------
   7 |     # Layer 0: System packages
   8 | >>> RUN apt-get update && apt-get install -y --no-install-recommends \
   9 | >>>     python3.12 python3.12-dev python3.12-venv python3-pip \
  10 | >>>     git cmake build-essential \
  11 | >>>     portaudio19-dev libportaudio2 \
  12 | >>>     ffmpeg libsm6 libxext6 \
  13 | >>>     libtbb12 \
  14 | >>>     libegl1-mesa libgl1-mesa-dri && \
  15 | >>>     rm -rf /var/lib/apt/lists/*
  16 |     
--------------------
ERROR: failed to build: failed to solve: process "/bin/sh -c apt-get update && apt-get install -y --no-install-recommends     python3.12 python3.12-dev python3.12-venv python3-pip     git cmake build-essential     portaudio19-dev libportaudio2     ffmpeg libsm6 libxext6     libtbb12     libegl1-mesa libgl1-mesa-dri &&     rm -rf /var/lib/apt/lists/*" did not complete successfully: exit code: 100
