#0 building with "default" instance using docker driver

#1 [internal] load build definition from Dockerfile.comfyui
#1 DONE 0.0s

#1 [internal] load build definition from Dockerfile.comfyui
#1 transferring dockerfile: 5.74kB done
#1 DONE 0.0s

#2 [internal] load metadata for docker.io/library/custom-nodes-ready:cu126-pt26
#2 DONE 0.0s

#3 [internal] load .dockerignore
#3 transferring context: 2B done
#3 DONE 0.0s

#4 [internal] load build context
#4 transferring context: 2.98kB done
#4 DONE 0.0s

#5 [stage-0  1/18] FROM docker.io/library/custom-nodes-ready:cu126-pt26
#5 DONE 0.1s

#6 [stage-0  2/18] WORKDIR /default-comfyui-bundle
#6 DONE 0.0s

#7 [stage-0  3/18] RUN git clone https://github.com/comfyanonymous/ComfyUI.git &&     git clone https://github.com/ltdrdata/ComfyUI-Manager.git
#7 0.161 Cloning into 'ComfyUI'...
#7 20.46 Cloning into 'ComfyUI-Manager'...
#7 DONE 43.4s

#8 [stage-0  4/18] COPY special_logic_requirements.txt /tmp/special_logic_requirements.txt
#8 DONE 0.0s

#9 [stage-0  5/18] RUN --mount=type=cache,target=/pip-cache,id=pip-external     if [ -s /tmp/special_logic_requirements.txt ]; then         grep -v '^#' /tmp/special_logic_requirements.txt | grep -v '^$' > /tmp/special_clean.txt &&         /venv/bin/uv pip install --cache-dir=/pip-cache -r /tmp/special_clean.txt;     fi
#9 0.225 Using Python 3.12.3 environment at: /venv
#9 0.931 Resolved 86 packages in 702ms
#9 1.075 Uninstalled 2 packages in 140ms
#9 1.078 warning: Failed to hardlink files; falling back to full copy. This may lead to degraded performance.
#9 1.078          If the cache and target directories are on different filesystems, hardlinking may not be supported.
#9 1.078          If this is intentional, set `export UV_LINK_MODE=copy` or use `--link-mode=copy` to suppress this warning.
#9 2.665 Installed 32 packages in 1.59s
#9 2.665  + bchlib==2.1.3
#9 2.665  + bitmath==1.3.3.1
#9 2.665  + bracex==2.6
#9 2.665  + cachetools==7.0.5
#9 2.665  + chardet==4.0.0
#9 2.665  + cuda-bindings==13.2.0
#9 2.665  + cuda-pathfinder==1.4.3
#9 2.666  + cuda-python==13.2.0
#9 2.666  + deprecation==2.1.0
#9 2.666  + dghs-imgutils==0.19.0
#9 2.666  - diffusers==0.36.0
#9 2.666  + diffusers==0.30.0
#9 2.666  + emoji==2.11.1
#9 2.666  + flatbuffers==25.12.19
#9 2.666  + hbutils==0.14.2
#9 2.666  + hfutils==0.13.0
#9 2.666  + natsort==8.4.0
#9 2.666  + onnxruntime-gpu==1.24.4
#9 2.666  + opencv-contrib-python==4.11.0.86
#9 2.666  + piexif==1.1.3
#9 2.666  + pilmoji==2.0.4
#9 2.666  + pyclipper==1.4.0
#9 2.666  - pyparsing==3.3.1
#9 2.666  + pyparsing==3.0.9
#9 2.666  + pyrfc6266==1.0.2
#9 2.666  + pytimeparse==1.1.8
#9 2.666  + random-user-agent==1.0.1
#9 2.666  + shapely==2.1.2
#9 2.666  + tensorrt-cu13==10.16.0.72
#9 2.666  + tensorrt-cu13-bindings==10.16.0.72
#9 2.666  + tensorrt-cu13-libs==10.16.0.72
#9 2.666  + tzlocal==5.3.1
#9 2.666  + urlobject==3.0.0
#9 2.666  + wcmatch==10.1
#9 DONE 42.5s

#10 [stage-0  6/18] COPY special_logic_requirements.txt /tmp/special_logic_requirements.txt
#10 DONE 1.1s

#11 [stage-0  7/18] RUN --mount=type=cache,target=/pip-cache,id=pip-external     if [ -s /tmp/special_logic_requirements.txt ]; then         grep -v '^#' /tmp/special_logic_requirements.txt | grep -v '^$' > /tmp/special_clean.txt &&         /venv/bin/uv pip install --cache-dir=/pip-cache -r /tmp/special_clean.txt;     fi
#11 0.324 Using Python 3.12.3 environment at: /venv
#11 0.338 Audited 8 packages in 14ms
#11 DONE 0.4s

#12 [stage-0  8/18] COPY extra_packages.txt /tmp/extra_packages.txt
#12 DONE 0.1s

#13 [stage-0  9/18] RUN --mount=type=cache,target=/pip-cache,id=pip-external     /venv/bin/pip install --cache-dir=/pip-cache setuptools Cython &&     cat ComfyUI/requirements.txt > /tmp/all_requirements.txt &&     if [ -f ComfyUI-Manager/requirements.txt ]; then         cat ComfyUI-Manager/requirements.txt >> /tmp/all_requirements.txt;     fi &&     if [ -s /tmp/extra_packages.txt ]; then         grep -v '^#' /tmp/extra_packages.txt | grep -v '^$' >> /tmp/all_requirements.txt;     fi &&     grep -v -E 'nvdiffrast|tensorrt|oidn-python' /tmp/all_requirements.txt > /tmp/requirements_no_nvdiff.txt &&     /venv/bin/uv pip install --cache-dir=/pip-cache --no-build-isolation -r /tmp/requirements_no_nvdiff.txt
#13 0.680 Requirement already satisfied: setuptools in /venv/lib/python3.12/site-packages (80.9.0)
#13 1.093 Collecting Cython
#13 1.094   Using cached cython-3.2.4-cp312-cp312-manylinux2014_x86_64.manylinux_2_17_x86_64.manylinux_2_28_x86_64.whl.metadata (7.5 kB)
#13 1.130 Using cached cython-3.2.4-cp312-cp312-manylinux2014_x86_64.manylinux_2_17_x86_64.manylinux_2_28_x86_64.whl (3.4 MB)
#13 2.391 Installing collected packages: Cython
#13 3.086 Successfully installed Cython-3.2.4
#13 3.223 Using Python 3.12.3 environment at: /venv
#13 4.567   × No solution found when resolving dependencies:
#13 4.567   ╰─▶ Because groundingdino-dino was not found in the package registry and
#13 4.567       you require groundingdino-dino, we can conclude that your requirements
#13 4.567       are unsatisfiable.
#13 ERROR: process "/bin/sh -c /venv/bin/pip install --cache-dir=/pip-cache setuptools Cython &&     cat ComfyUI/requirements.txt > /tmp/all_requirements.txt &&     if [ -f ComfyUI-Manager/requirements.txt ]; then         cat ComfyUI-Manager/requirements.txt >> /tmp/all_requirements.txt;     fi &&     if [ -s /tmp/extra_packages.txt ]; then         grep -v '^#' /tmp/extra_packages.txt | grep -v '^$' >> /tmp/all_requirements.txt;     fi &&     grep -v -E 'nvdiffrast|tensorrt|oidn-python' /tmp/all_requirements.txt > /tmp/requirements_no_nvdiff.txt &&     /venv/bin/uv pip install --cache-dir=/pip-cache --no-build-isolation -r /tmp/requirements_no_nvdiff.txt" did not complete successfully: exit code: 1
------
 > [stage-0  9/18] RUN --mount=type=cache,target=/pip-cache,id=pip-external     /venv/bin/pip install --cache-dir=/pip-cache setuptools Cython &&     cat ComfyUI/requirements.txt > /tmp/all_requirements.txt &&     if [ -f ComfyUI-Manager/requirements.txt ]; then         cat ComfyUI-Manager/requirements.txt >> /tmp/all_requirements.txt;     fi &&     if [ -s /tmp/extra_packages.txt ]; then         grep -v '^#' /tmp/extra_packages.txt | grep -v '^$' >> /tmp/all_requirements.txt;     fi &&     grep -v -E 'nvdiffrast|tensorrt|oidn-python' /tmp/all_requirements.txt > /tmp/requirements_no_nvdiff.txt &&     /venv/bin/uv pip install --cache-dir=/pip-cache --no-build-isolation -r /tmp/requirements_no_nvdiff.txt:
1.093 Collecting Cython
1.094   Using cached cython-3.2.4-cp312-cp312-manylinux2014_x86_64.manylinux_2_17_x86_64.manylinux_2_28_x86_64.whl.metadata (7.5 kB)
1.130 Using cached cython-3.2.4-cp312-cp312-manylinux2014_x86_64.manylinux_2_17_x86_64.manylinux_2_28_x86_64.whl (3.4 MB)
2.391 Installing collected packages: Cython
3.086 Successfully installed Cython-3.2.4
3.223 Using Python 3.12.3 environment at: /venv
4.567   × No solution found when resolving dependencies:
4.567   ╰─▶ Because groundingdino-dino was not found in the package registry and
4.567       you require groundingdino-dino, we can conclude that your requirements
4.567       are unsatisfiable.
------
Dockerfile.comfyui:32
--------------------
  31 |     COPY extra_packages.txt /tmp/extra_packages.txt
  32 | >>> RUN --mount=type=cache,target=/pip-cache,id=pip-external \
  33 | >>>     /venv/bin/pip install --cache-dir=/pip-cache setuptools Cython && \
  34 | >>>     cat ComfyUI/requirements.txt > /tmp/all_requirements.txt && \
  35 | >>>     if [ -f ComfyUI-Manager/requirements.txt ]; then \
  36 | >>>         cat ComfyUI-Manager/requirements.txt >> /tmp/all_requirements.txt; \
  37 | >>>     fi && \
  38 | >>>     if [ -s /tmp/extra_packages.txt ]; then \
  39 | >>>         grep -v '^#' /tmp/extra_packages.txt | grep -v '^$' >> /tmp/all_requirements.txt; \
  40 | >>>     fi && \
  41 | >>>     grep -v -E 'nvdiffrast|tensorrt|oidn-python' /tmp/all_requirements.txt > /tmp/requirements_no_nvdiff.txt && \
  42 | >>>     /venv/bin/uv pip install --cache-dir=/pip-cache --no-build-isolation -r /tmp/requirements_no_nvdiff.txt
  43 |     
--------------------
ERROR: failed to build: failed to solve: process "/bin/sh -c /venv/bin/pip install --cache-dir=/pip-cache setuptools Cython &&     cat ComfyUI/requirements.txt > /tmp/all_requirements.txt &&     if [ -f ComfyUI-Manager/requirements.txt ]; then         cat ComfyUI-Manager/requirements.txt >> /tmp/all_requirements.txt;     fi &&     if [ -s /tmp/extra_packages.txt ]; then         grep -v '^#' /tmp/extra_packages.txt | grep -v '^$' >> /tmp/all_requirements.txt;     fi &&     grep -v -E 'nvdiffrast|tensorrt|oidn-python' /tmp/all_requirements.txt > /tmp/requirements_no_nvdiff.txt &&     /venv/bin/uv pip install --cache-dir=/pip-cache --no-build-isolation -r /tmp/requirements_no_nvdiff.txt" did not complete successfully: exit code: 1
