#0 building with "default" instance using docker driver

#1 [internal] load build definition from Dockerfile.comfyui
#1 transferring dockerfile: 6.77kB done
#1 DONE 0.0s

#2 [internal] load metadata for docker.io/library/custom-nodes-ready:cu126-pt26
#2 DONE 0.0s

#3 [internal] load .dockerignore
#3 transferring context: 2B done
#3 DONE 0.0s

#4 [stage-0  1/16] FROM docker.io/library/custom-nodes-ready:cu126-pt26
#4 DONE 0.0s

#5 [internal] load build context
#5 transferring context: 208B done
#5 DONE 0.0s

#6 [stage-0  5/16] RUN --mount=type=cache,target=/pip-cache,id=pip-external     if [ -s /tmp/special_logic_requirements.txt ]; then         grep -v '^#' /tmp/special_logic_requirements.txt | grep -v '^$' > /tmp/special_clean.txt &&         /venv/bin/uv pip install --cache-dir=/pip-cache -r /tmp/special_clean.txt;     fi
#6 CACHED

#7 [stage-0  3/16] RUN git clone https://github.com/comfyanonymous/ComfyUI.git &&     git clone https://github.com/ltdrdata/ComfyUI-Manager.git
#7 CACHED

#8 [stage-0 14/16] RUN python3 main.py --cpu --listen --force-fp32 --disable-cuda-malloc 2>&1 | tee /tmp/init.log & sleep 180; kill $! 2>/dev/null || true
#8 CACHED

#9 [stage-0  6/16] COPY extra_packages.txt /tmp/extra_packages.txt
#9 CACHED

#10 [stage-0  9/16] RUN --mount=type=cache,target=/pip-cache,id=pip-external     git clone https://github.com/IDEA-Research/GroundingDINO.git /tmp/GroundingDINO &&     sed -i 's/AT_DISPATCH_FLOATING_TYPES(value\.type()/AT_DISPATCH_FLOATING_TYPES(value.scalar_type()/g'         /tmp/GroundingDINO/groundingdino/models/GroundingDINO/csrc/MsDeformAttn/ms_deform_attn_cuda.cu &&     /venv/bin/pip install --cache-dir=/pip-cache --no-build-isolation /tmp/GroundingDINO &&     rm -rf /tmp/GroundingDINO
#10 CACHED

#11 [stage-0 10/16] RUN cd ComfyUI &&     mkdir -p         models/checkpoints models/vae models/loras models/embeddings         models/controlnet models/clip models/unet models/upscale_models         models/animatediff_models         models/tensorrt/rife         input output temp custom_nodes user/default &&     mv ../ComfyUI-Manager custom_nodes/ &&     if [ -d /custom_nodes_staged ] && [ "$(ls -A /custom_nodes_staged 2>/dev/null)" ]; then         cp -r /custom_nodes_staged/* custom_nodes/;     fi &&     chmod -R 755 /default-comfyui-bundle/ComfyUI
#11 CACHED

#12 [stage-0 11/16] WORKDIR /default-comfyui-bundle/ComfyUI
#12 CACHED

#13 [stage-0 13/16] RUN mkdir -p     /default-comfyui-bundle/ComfyUI/custom_nodes/comfyui_controlnet_aux/ckpts/depth-anything/Depth-Anything-V2-Large     /default-comfyui-bundle/ComfyUI/custom_nodes/ComfyUI_wav2lip/Wav2Lip/checkpoints     /default-comfyui-bundle/ComfyUI/models/animatediff_models
#13 CACHED

#14 [stage-0  4/16] COPY special_logic_requirements.txt /tmp/special_logic_requirements.txt
#14 CACHED

#15 [stage-0 15/16] RUN cat > /tmp/update_config.py << 'EOF'
#15 CACHED

#16 [stage-0  8/16] RUN --mount=type=cache,target=/pip-cache,id=pip-external     /venv/bin/pip install --cache-dir=/pip-cache --no-build-isolation     git+https://github.com/NVlabs/nvdiffrast.git
#16 CACHED

#17 [stage-0  2/16] WORKDIR /default-comfyui-bundle
#17 CACHED

#18 [stage-0  7/16] RUN --mount=type=cache,target=/pip-cache,id=pip-external     /venv/bin/pip install --cache-dir=/pip-cache setuptools Cython &&     cat ComfyUI/requirements.txt > /tmp/all_requirements.txt &&     if [ -f ComfyUI-Manager/requirements.txt ]; then         cat ComfyUI-Manager/requirements.txt >> /tmp/all_requirements.txt;     fi &&     if [ -s /tmp/extra_packages.txt ]; then         grep -v '^#' /tmp/extra_packages.txt | grep -v '^$' >> /tmp/all_requirements.txt;     fi &&     grep -v -E 'nvdiffrast|tensorrt|oidn-python' /tmp/all_requirements.txt > /tmp/requirements_no_nvdiff.txt &&     /venv/bin/uv pip install --cache-dir=/pip-cache --no-build-isolation -r /tmp/requirements_no_nvdiff.txt
#18 CACHED

#19 [stage-0 12/16] RUN --mount=type=cache,target=/pip-cache,id=pip-external     /venv/bin/pip install --no-deps pilmoji==2.0.4 &&     /venv/bin/pip install --no-deps dghs-imgutils &&     /venv/bin/pip install --no-deps opencv-contrib-python==4.13.0.92 &&     /venv/bin/uv pip install --cache-dir=/pip-cache pycocotools &&     /venv/bin/pip uninstall -y onnxruntime 2>/dev/null || true &&     /venv/bin/pip install --no-deps onnxruntime-gpu &&     python3 - << 'EOF'
#19 CACHED

#20 [stage-0 16/16] RUN python3 /tmp/update_config.py && rm /tmp/update_config.py
#20 CACHED

#21 exporting to image
#21 exporting layers done
#21 writing image sha256:b23ba5184385ad83b7d0e5c9cbb05c0401d688bf9a0ff0190b688ab50fe8f6bb done
#21 naming to docker.io/library/sd-worker:staging done
#21 DONE 0.0s
